<?xml version="1.0" encoding="UTF-8"?>
<!-- Generated by org.testng.reporters.JUnitXMLReporter -->
<testsuite ignored="0" hostname="DESKTOP-TEB81MQ" failures="1" tests="2" name="Test" time="76.874" errors="0" timestamp="2026-04-02T17:00:37 IST">
  <testcase classname="tests.DistrictTest" name="bookMovie" time="1.759">
    <skipped/>
  </testcase> <!-- bookMovie -->
  <testcase classname="tests.DistrictTest" name="bookMovie" time="1.585">
    <failure type="java.lang.AssertionError" message="expected [true] but found [false]">
      <![CDATA[java.lang.AssertionError: expected [true] but found [false]
at tests.DistrictTest.bookMovie(DistrictTest.java:34)
at java.base/java.util.ArrayList.forEach(ArrayList.java:1511)
... Removed 31 stack frames]]>
    </failure>
  </testcase> <!-- bookMovie -->
</testsuite> <!-- Test -->
