<?xml version="1.0" encoding="UTF-8"?>
<testsuite xmlns:xsi="http://www.w3.org/2001/XMLSchema-instance" xsi:noNamespaceSchemaLocation="https://maven.apache.org/surefire/maven-surefire-plugin/xsd/surefire-test-report-3.0.xsd" version="3.0" name="TestSuite" time="15.139" tests="1" errors="0" skipped="0" failures="0">
  <properties>
[...]
</properties>
  <testcase name="bookMovie" classname="tests.DistrictTest" time="5.178">
    <system-out><![CDATA[15:53:34 [main] INFO  utils.LoggerUtils - Launched the application
15:53:34 [main] INFO  utils.LoggerUtils - Test case - bookMovie execution started
15:53:34 [main] INFO  utils.LoggerUtils - Clicked on Search icon
15:53:35 [main] INFO  utils.LoggerUtils - Clicked on Movies link
15:53:36 [main] INFO  utils.LoggerUtils - Entered Dhurandhar in the search editbox
15:53:39 [main] INFO  utils.LoggerUtils - Extracted Search Result text as Dhurandhar The Revenge
15:53:39 [main] INFO  utils.LoggerUtils - Search Result is showing the correct Movie details
15:53:39 [main] INFO  utils.LoggerUtils - Test case - bookMovie execution completed
]]></system-out>
    <system-err><![CDATA[SLF4J(W): No SLF4J providers were found.
SLF4J(W): Defaulting to no-operation (NOP) logger implementation
SLF4J(W): See https://www.slf4j.org/codes.html#noProviders for further details.
Apr 23, 2026 3:53:29 PM org.openqa.selenium.devtools.CdpVersionFinder findNearestMatch
WARNING: Unable to find an exact match for CDP version 147, returning the closest version; found: 145; Please update to a Selenium version that supports CDP version 147
]]></system-err>
  </testcase>
</testsuite>