<?xml version="1.0" encoding="UTF-8"?>
<testng-results ignored="0" total="1" passed="1" failed="0" skipped="0">
  <reporter-output>
  </reporter-output>
  <suite started-at="2026-04-01T15:58:58 IST" name="Suite" finished-at="2026-04-01T15:59:12 IST" duration-ms="14504">
    <groups>
    </groups>
    <test started-at="2026-04-01T15:58:58 IST" name="Test" finished-at="2026-04-01T15:59:12 IST" duration-ms="14504">
      <class name="tests.DistrictTest">
        <test-method is-config="true" signature="setup()[pri:0, instance:tests.DistrictTest@4d154ccd]" started-at="2026-04-01T15:58:58 IST" name="setup" finished-at="2026-04-01T15:59:08 IST" duration-ms="10340" status="PASS">
          <reporter-output>
          </reporter-output>
        </test-method> <!-- setup -->
        <test-method signature="bookMovie()[pri:0, instance:tests.DistrictTest@4d154ccd]" started-at="2026-04-01T15:59:08 IST" name="bookMovie" finished-at="2026-04-01T15:59:11 IST" duration-ms="2422" status="PASS">
          <reporter-output>
          </reporter-output>
        </test-method> <!-- bookMovie -->
        <test-method is-config="true" signature="tearDown()[pri:0, instance:tests.DistrictTest@4d154ccd]" started-at="2026-04-01T15:59:11 IST" name="tearDown" finished-at="2026-04-01T15:59:12 IST" duration-ms="1619" status="PASS">
          <reporter-output>
          </reporter-output>
        </test-method> <!-- tearDown -->
      </class> <!-- tests.DistrictTest -->
    </test> <!-- Test -->
  </suite> <!-- Suite -->
</testng-results>
